<?xml version="1.0" encoding="UTF-8"?>
<!-- Generated by org.testng.reporters.JUnitReportReporter -->
<testsuite hostname="LAPTOP-51GP88MM" failures="0" tests="2" name="com.sgtesting.products.Products" time="0.001" errors="0" timestamp="2023-05-01T16:13:10 IST" skipped="0">
  <testcase classname="com.sgtesting.products.Products" name="createProduct" time="0.000"/>
  <system-out/>
  <testcase classname="com.sgtesting.products.Products" name="deleteProduct" time="0.001"/>
  <system-out/>
</testsuite> <!-- com.sgtesting.products.Products -->
