<?xml version="1.0" encoding="UTF-8"?>
<!-- Generated by org.testng.reporters.JUnitReportReporter -->
<testsuite hostname="LAPTOP-51GP88MM" failures="0" tests="2" name="com.sgtesting.users.Users" time="0.005" errors="0" timestamp="2023-05-01T16:13:10 IST" skipped="0">
  <testcase classname="com.sgtesting.users.Users" name="createUser" time="0.004"/>
  <system-out/>
  <testcase classname="com.sgtesting.users.Users" name="deleteUser" time="0.001"/>
  <system-out/>
</testsuite> <!-- com.sgtesting.users.Users -->
